<?xml version="1.0" encoding="UTF-8"?>
<beans xmlns="http://www.springframework.org/schema/beans"
	xmlns:xsi="http://www.w3.org/2001/XMLSchema-instance" xmlns:aop="http://www.springframework.org/schema/aop"
	xmlns:tx="http://www.springframework.org/schema/tx"
	xsi:schemaLocation="http://www.springframework.org/schema/beans 
						http://www.springframework.org/schema/beans/spring-beans-3.0.xsd
						http://www.springframework.org/schema/aop 
						http://www.springframework.org/schema/aop/spring-aop-3.0.xsd
						http://www.springframework.org/schema/tx 
						http://www.springframework.org/schema/tx/spring-tx-3.0.xsd">
	<bean id="dataSource"
		class="org.springframework.jdbc.datasource.SimpleDriverDataSource">
		<property name="driverClass" value="com.mysql.jdbc.Driver" />
		<property name="url"
			value="jdbc:mysql://localhost/test?characterEncoding=UTF-8" />
		<property name="username" value="root" />
		<property name="password" value="sesfinkl" />
	</bean>

	<!-- application components -->
	<bean id="airportDao" class="com.narratage.reserve.inform.dao.AirportDaoJdbc">
		<property name="dataSource" ref="dataSource" />
	</bean>
	<bean id="airportDistanceDao" class="com.narratage.reserve.inform.dao.AirportDistanceDaoJdbc">
		<property name="dataSource" ref="dataSource" />
	</bean>
	<bean id="commonDao" class="com.narratage.reserve.inform.dao.CommonDaoJdbc">
		<property name="dataSource" ref="dataSource" />
	</bean>
	
	<bean id="airportDistanceService" class="com.narratage.reserve.inform.service.AirportDistanceServiceImpl">
		<property name="airportDao" ref="airportDao" />
		<property name="airportDistanceDao" ref="airportDistanceDao" />
	</bean>
	
</beans>
